2025-08-13T02:49:15.207Z INFO  [SystemMonitoringService]{req:req_1755053355127_skwxwmbdr} Completed collect_system_metrics in 80ms | {"duration":80,"success":true}
2025-08-13T02:49:15.541Z INFO  [SystemMonitoringService]{req:req_1755053355249_szksrgxib} Completed store_system_metrics in 292ms | {"duration":292,"success":true}
2025-08-13T02:49:15.549Z WARN  [AlertingService] Alert triggered: High Memory Usage | {"alertId":"alert_1755053355549_czdcu7o5k","type":"system","severity":"high","message":"Memory usage is 91.6% (threshold: 85%)"}
2025-08-13T02:49:45.147Z INFO  [SystemMonitoringService]{req:req_1755053385143_lmc3iwkfd} Completed collect_system_metrics in 4ms | {"duration":4,"success":true}
2025-08-13T02:49:45.235Z INFO  [SystemMonitoringService]{req:req_1755053385156_1ii88gzub} Completed store_system_metrics in 79ms | {"duration":79,"success":true}
2025-08-13T02:50:15.160Z INFO  [SystemMonitoringService]{req:req_1755053415158_k2l5g75ru} Completed collect_system_metrics in 2ms | {"duration":2,"success":true}
2025-08-13T02:50:15.168Z INFO  [SystemMonitoringService]{req:req_1755053415160_czxcjsuj6} Completed store_system_metrics in 8ms | {"duration":8,"success":true}
2025-08-13T02:50:45.162Z INFO  [SystemMonitoringService]{req:req_1755053445160_q6u290z79} Completed collect_system_metrics in 2ms | {"duration":2,"success":true}
2025-08-13T02:50:45.177Z INFO  [SystemMonitoringService]{req:req_1755053445163_2voiqqpx0} Completed store_system_metrics in 14ms | {"duration":14,"success":true}
2025-08-13T02:51:15.165Z INFO  [SystemMonitoringService]{req:req_1755053475164_viwgkuqn1} Completed collect_system_metrics in 1ms | {"duration":1,"success":true}
2025-08-13T02:51:15.179Z INFO  [SystemMonitoringService]{req:req_1755053475166_6pyv2aipz} Completed store_system_metrics in 13ms | {"duration":13,"success":true}
2025-08-13T02:51:45.168Z INFO  [SystemMonitoringService]{req:req_1755053505167_pj4tmbbn7} Completed collect_system_metrics in 1ms | {"duration":1,"success":true}
2025-08-13T02:51:45.188Z INFO  [SystemMonitoringService]{req:req_1755053505171_jswzb2e8l} Completed store_system_metrics in 17ms | {"duration":17,"success":true}
2025-08-13T02:52:15.173Z INFO  [SystemMonitoringService]{req:req_1755053535171_ewt9qn22y} Completed collect_system_metrics in 2ms | {"duration":2,"success":true}
2025-08-13T02:52:15.189Z INFO  [SystemMonitoringService]{req:req_1755053535174_xir6r6hwd} Completed store_system_metrics in 15ms | {"duration":15,"success":true}
2025-08-13T02:52:45.175Z INFO  [SystemMonitoringService]{req:req_1755053565174_y53z49azq} Completed collect_system_metrics in 1ms | {"duration":1,"success":true}
2025-08-13T02:52:45.191Z INFO  [SystemMonitoringService]{req:req_1755053565177_hpa77lu45} Completed store_system_metrics in 14ms | {"duration":14,"success":true}
2025-08-13T02:53:15.176Z INFO  [SystemMonitoringService]{req:req_1755053595175_pxa6ul67v} Completed collect_system_metrics in 1ms | {"duration":1,"success":true}
2025-08-13T02:53:15.190Z INFO  [SystemMonitoringService]{req:req_1755053595178_al1oaqij9} Completed store_system_metrics in 12ms | {"duration":12,"success":true}
2025-08-13T02:53:45.186Z INFO  [SystemMonitoringService]{req:req_1755053625185_iwdgevu0h} Completed collect_system_metrics in 1ms | {"duration":1,"success":true}
2025-08-13T02:53:45.200Z INFO  [SystemMonitoringService]{req:req_1755053625187_6dbzliwsc} Completed store_system_metrics in 13ms | {"duration":13,"success":true}
2025-08-13T02:54:15.199Z INFO  [SystemMonitoringService]{req:req_1755053655197_8134haud1} Completed collect_system_metrics in 2ms | {"duration":2,"success":true}
2025-08-13T02:54:15.219Z INFO  [SystemMonitoringService]{req:req_1755053655200_yezk8mak8} Completed store_system_metrics in 19ms | {"duration":19,"success":true}
2025-08-13T02:54:45.204Z INFO  [SystemMonitoringService]{req:req_1755053685203_tgjz9kkzw} Completed collect_system_metrics in 1ms | {"duration":1,"success":true}
2025-08-13T02:54:45.222Z INFO  [SystemMonitoringService]{req:req_1755053685205_8v04bezuw} Completed store_system_metrics in 17ms | {"duration":17,"success":true}
2025-08-13T02:55:15.215Z INFO  [SystemMonitoringService]{req:req_1755053715214_1eoy2sw8c} Completed collect_system_metrics in 1ms | {"duration":1,"success":true}
2025-08-13T02:55:15.231Z INFO  [SystemMonitoringService]{req:req_1755053715216_hlgtevkx8} Completed store_system_metrics in 15ms | {"duration":15,"success":true}
2025-08-13T02:55:45.234Z INFO  [SystemMonitoringService]{req:req_1755053745224_vub9pqm0x} Completed collect_system_metrics in 10ms | {"duration":10,"success":true}
2025-08-13T02:55:45.249Z INFO  [SystemMonitoringService]{req:req_1755053745235_dr288tef0} Completed store_system_metrics in 14ms | {"duration":14,"success":true}
2025-08-13T02:56:15.242Z INFO  [SystemMonitoringService]{req:req_1755053775232_fxg9f4uj2} Completed collect_system_metrics in 1ms | {"duration":1,"success":true}
2025-08-13T02:56:15.260Z INFO  [SystemMonitoringService]{req:req_1755053775243_1sj4jrtop} Completed store_system_metrics in 17ms | {"duration":17,"success":true}
2025-08-13T02:56:45.241Z INFO  [SystemMonitoringService]{req:req_1755053805240_jsx8364vd} Completed collect_system_metrics in 1ms | {"duration":1,"success":true}
2025-08-13T02:56:45.264Z INFO  [SystemMonitoringService]{req:req_1755053805250_vxh0w7plu} Completed store_system_metrics in 14ms | {"duration":14,"success":true}
2025-08-13T02:57:15.245Z INFO  [SystemMonitoringService]{req:req_1755053835245_98xsp9yok} Completed collect_system_metrics in 0ms | {"duration":0,"success":true}
2025-08-13T02:57:15.256Z INFO  [SystemMonitoringService]{req:req_1755053835246_6rch0rfvo} Completed store_system_metrics in 10ms | {"duration":10,"success":true}
2025-08-13T02:57:45.261Z INFO  [SystemMonitoringService]{req:req_1755053865259_7lbekgclu} Completed collect_system_metrics in 2ms | {"duration":2,"success":true}
2025-08-13T02:57:45.280Z INFO  [SystemMonitoringService]{req:req_1755053865262_g6zq9p875} Completed store_system_metrics in 18ms | {"duration":18,"success":true}
2025-08-13T02:58:15.269Z INFO  [SystemMonitoringService]{req:req_1755053895268_o7uvehmsr} Completed collect_system_metrics in 1ms | {"duration":1,"success":true}
2025-08-13T02:58:15.286Z INFO  [SystemMonitoringService]{req:req_1755053895270_cawt4f0j2} Completed store_system_metrics in 16ms | {"duration":16,"success":true}
2025-08-13T02:58:45.282Z INFO  [SystemMonitoringService]{req:req_1755053925282_7w5bhzcy9} Completed collect_system_metrics in 0ms | {"duration":0,"success":true}
2025-08-13T02:58:45.293Z INFO  [SystemMonitoringService]{req:req_1755053925283_jz4hc9kjy} Completed store_system_metrics in 10ms | {"duration":10,"success":true}
2025-08-13T02:59:15.285Z INFO  [SystemMonitoringService]{req:req_1755053955285_xp4gbs84c} Completed collect_system_metrics in 0ms | {"duration":0,"success":true}
2025-08-13T02:59:15.298Z INFO  [SystemMonitoringService]{req:req_1755053955286_b2a10fams} Completed store_system_metrics in 11ms | {"duration":11,"success":true}
2025-08-13T02:59:45.293Z INFO  [SystemMonitoringService]{req:req_1755053985291_cwau2sutg} Completed collect_system_metrics in 2ms | {"duration":2,"success":true}
2025-08-13T02:59:45.306Z INFO  [SystemMonitoringService]{req:req_1755053985293_6713nkk3v} Completed store_system_metrics in 13ms | {"duration":13,"success":true}
2025-08-13T02:59:45.307Z WARN  [AlertingService] Alert triggered: High Memory Usage | {"alertId":"alert_1755053985306_8z4qdxl7p","type":"system","severity":"high","message":"Memory usage is 87.1% (threshold: 85%)"}
2025-08-13T03:00:15.299Z INFO  [SystemMonitoringService]{req:req_1755054015297_3mbean2rq} Completed collect_system_metrics in 2ms | {"duration":2,"success":true}
2025-08-13T03:00:15.309Z INFO  [SystemMonitoringService]{req:req_1755054015300_n3to7asr7} Completed store_system_metrics in 9ms | {"duration":9,"success":true}
2025-08-13T03:00:45.318Z INFO  [SystemMonitoringService]{req:req_1755054045314_6g1owhd61} Completed collect_system_metrics in 4ms | {"duration":4,"success":true}
2025-08-13T03:00:45.329Z INFO  [SystemMonitoringService]{req:req_1755054045319_p48fl9x9e} Completed store_system_metrics in 10ms | {"duration":10,"success":true}
2025-08-13T03:01:15.321Z INFO  [SystemMonitoringService]{req:req_1755054075319_io1ak0cs8} Completed collect_system_metrics in 2ms | {"duration":2,"success":true}
2025-08-13T03:01:15.330Z INFO  [SystemMonitoringService]{req:req_1755054075321_opxx69np0} Completed store_system_metrics in 9ms | {"duration":9,"success":true}
2025-08-13T03:01:45.345Z INFO  [SystemMonitoringService]{req:req_1755054105335_mlr6zy5pj} Completed collect_system_metrics in 1ms | {"duration":1,"success":true}
2025-08-13T03:01:45.356Z INFO  [SystemMonitoringService]{req:req_1755054105346_qrfnm9p3n} Completed store_system_metrics in 10ms | {"duration":10,"success":true}
2025-08-13T03:02:15.349Z INFO  [SystemMonitoringService]{req:req_1755054135348_apksvhqpp} Completed collect_system_metrics in 1ms | {"duration":1,"success":true}
2025-08-13T03:02:15.362Z INFO  [SystemMonitoringService]{req:req_1755054135350_279xof0fh} Completed store_system_metrics in 12ms | {"duration":12,"success":true}
2025-08-13T03:02:45.363Z INFO  [SystemMonitoringService]{req:req_1755054165362_ygq2jlkck} Completed collect_system_metrics in 1ms | {"duration":1,"success":true}
2025-08-13T03:02:45.373Z INFO  [SystemMonitoringService]{req:req_1755054165363_gsm32cmup} Completed store_system_metrics in 10ms | {"duration":10,"success":true}
2025-08-13T03:03:15.372Z INFO  [SystemMonitoringService]{req:req_1755054195370_ra4gp19tu} Completed collect_system_metrics in 2ms | {"duration":2,"success":true}
2025-08-13T03:03:15.385Z INFO  [SystemMonitoringService]{req:req_1755054195374_x4sn7rywz} Completed store_system_metrics in 11ms | {"duration":11,"success":true}
2025-08-13T03:03:45.374Z INFO  [SystemMonitoringService]{req:req_1755054225370_to58xlhy6} Completed collect_system_metrics in 4ms | {"duration":4,"success":true}
2025-08-13T03:03:45.384Z INFO  [SystemMonitoringService]{req:req_1755054225374_p60i1zqaj} Completed store_system_metrics in 10ms | {"duration":10,"success":true}
2025-08-13T03:04:15.371Z INFO  [SystemMonitoringService]{req:req_1755054255371_d5kjvoku2} Completed collect_system_metrics in 0ms | {"duration":0,"success":true}
2025-08-13T03:04:15.379Z INFO  [SystemMonitoringService]{req:req_1755054255372_u65xbmhib} Completed store_system_metrics in 7ms | {"duration":7,"success":true}
2025-08-13T03:04:45.385Z INFO  [SystemMonitoringService]{req:req_1755054285384_ligdnpcve} Completed collect_system_metrics in 1ms | {"duration":1,"success":true}
2025-08-13T03:04:45.393Z INFO  [SystemMonitoringService]{req:req_1755054285385_98prjvu3q} Completed store_system_metrics in 8ms | {"duration":8,"success":true}
2025-08-13T03:05:15.397Z INFO  [SystemMonitoringService]{req:req_1755054315397_4chfw6dih} Completed collect_system_metrics in 0ms | {"duration":0,"success":true}
2025-08-13T03:05:15.404Z INFO  [SystemMonitoringService]{req:req_1755054315398_wekmk2ksn} Completed store_system_metrics in 6ms | {"duration":6,"success":true}
2025-08-13T03:05:45.412Z INFO  [SystemMonitoringService]{req:req_1755054345404_8cl34ljc1} Completed collect_system_metrics in 8ms | {"duration":8,"success":true}
2025-08-13T03:05:45.424Z INFO  [SystemMonitoringService]{req:req_1755054345413_h6ydvi6ln} Completed store_system_metrics in 11ms | {"duration":11,"success":true}
2025-08-13T03:06:15.407Z INFO  [SystemMonitoringService]{req:req_1755054375407_hsx2aqlw9} Completed collect_system_metrics in 0ms | {"duration":0,"success":true}
2025-08-13T03:06:15.415Z INFO  [SystemMonitoringService]{req:req_1755054375409_534ipeeog} Completed store_system_metrics in 6ms | {"duration":6,"success":true}
2025-08-13T03:06:45.418Z INFO  [SystemMonitoringService]{req:req_1755054405417_qwnj3669q} Completed collect_system_metrics in 0ms | {"duration":0,"success":true}
2025-08-13T03:06:45.426Z INFO  [SystemMonitoringService]{req:req_1755054405418_5zp084sie} Completed store_system_metrics in 8ms | {"duration":8,"success":true}
2025-08-13T03:07:15.434Z INFO  [SystemMonitoringService]{req:req_1755054435434_90q5mne1s} Completed collect_system_metrics in 0ms | {"duration":0,"success":true}
2025-08-13T03:07:15.444Z INFO  [SystemMonitoringService]{req:req_1755054435435_r82sxw1kq} Completed store_system_metrics in 9ms | {"duration":9,"success":true}
2025-08-13T03:07:43.343Z INFO   SIGINT received, shutting down gracefully
2025-08-13T03:07:43.347Z INFO  [SystemMonitoringService] Stopping system monitoring
